<?xml version="1.0" encoding="UTF-8"?>
<testng-results ignored="0" total="3" passed="3" failed="0" skipped="0">
  <reporter-output>
    <line>
      <![CDATA[Ram]]>
    </line>
    <line>
      <![CDATA[Sita]]>
    </line>
    <line>
      <![CDATA[Hanuman]]>
    </line>
  </reporter-output>
  <suite started-at="2024-01-08T17:47:14 IST" name="Default suite" finished-at="2024-01-08T17:47:14 IST" duration-ms="61">
    <groups>
    </groups>
    <test started-at="2024-01-08T17:47:14 IST" name="Default test" finished-at="2024-01-08T17:47:14 IST" duration-ms="61">
      <class name="TestNG.priority">
        <test-method signature="a()[pri:0, instance:TestNG.priority@78e117e3]" started-at="2024-01-08T17:47:14 IST" name="a" finished-at="2024-01-08T17:47:14 IST" duration-ms="10" status="PASS">
          <reporter-output>
            <line>
              <![CDATA[Ram]]>
            </line>
          </reporter-output>
        </test-method> <!-- a -->
        <test-method signature="b()[pri:0, instance:TestNG.priority@78e117e3]" started-at="2024-01-08T17:47:14 IST" name="b" finished-at="2024-01-08T17:47:14 IST" duration-ms="1" status="PASS">
          <reporter-output>
            <line>
              <![CDATA[Sita]]>
            </line>
          </reporter-output>
        </test-method> <!-- b -->
        <test-method signature="c()[pri:0, instance:TestNG.priority@78e117e3]" started-at="2024-01-08T17:47:14 IST" name="c" finished-at="2024-01-08T17:47:14 IST" duration-ms="2" status="PASS">
          <reporter-output>
            <line>
              <![CDATA[Hanuman]]>
            </line>
          </reporter-output>
        </test-method> <!-- c -->
      </class> <!-- TestNG.priority -->
    </test> <!-- Default test -->
  </suite> <!-- Default suite -->
</testng-results>
